<?xml version="1.0" encoding="UTF-8"?>
<testng-results ignored="0" total="1" passed="1" failed="0" skipped="0">
  <reporter-output>
  </reporter-output>
  <suite started-at="2026-03-08T13:53:09 IST" name="Default suite" finished-at="2026-03-08T13:54:06 IST" duration-ms="56930">
    <groups>
    </groups>
    <test started-at="2026-03-08T13:53:09 IST" name="Default test" finished-at="2026-03-08T13:54:06 IST" duration-ms="56930">
      <class name="tests.LoginTest">
        <test-method is-config="true" signature="setup()[pri:0, instance:tests.LoginTest@38425407]" started-at="2026-03-08T13:53:09 IST" name="setup" finished-at="2026-03-08T13:53:13 IST" duration-ms="4404" status="PASS">
          <reporter-output>
          </reporter-output>
        </test-method> <!-- setup -->
        <test-method signature="verifyLogin()[pri:0, instance:tests.LoginTest@38425407]" started-at="2026-03-08T13:53:13 IST" name="verifyLogin" finished-at="2026-03-08T13:54:05 IST" duration-ms="52236" status="PASS">
          <reporter-output>
          </reporter-output>
        </test-method> <!-- verifyLogin -->
        <test-method is-config="true" signature="close()[pri:0, instance:tests.LoginTest@38425407]" started-at="2026-03-08T13:54:05 IST" name="close" finished-at="2026-03-08T13:54:06 IST" duration-ms="241" status="PASS">
          <reporter-output>
          </reporter-output>
        </test-method> <!-- close -->
      </class> <!-- tests.LoginTest -->
    </test> <!-- Default test -->
  </suite> <!-- Default suite -->
</testng-results>
